[+] Containers:
 |- [+] Container: /Game/GamePlay
 |   |- [+] ActorDescs:
 |   |   |- Guid:005862034BC63DA945832E81C78BF366 BaseClass:/Game/Blueprints/BP_PinballBall.BP_PinballBall_C NativeClass:/Script/Engine.Actor Name:BP_PinballBall_C_UAID_047C16DF8F6F466702_1374123585 Label:BP_PinballBall SpatiallyLoaded:true EditorBounds:IsValid=true, Min=(X=1220.000 Y=1930.000 Z=0.000), Max=(X=1320.000 Y=2030.000 Z=100.000) RuntimeBounds:IsValid=true, Min=(X=1220.000 Y=1930.000 Z=0.000), Max=(X=1320.000 Y=2030.000 Z=100.000) RuntimeGrid:None EditorOnly:false RuntimeOnly:false HLODRelevant:false ListedInSceneOutliner:true IsMainWorldOnly:false
 |   |   |- Guid:0218C43F431450E2CFD737ABC9CFDB33 BaseClass:/Game/Blueprints/BP_Flipper.BP_Flipper_C NativeClass:/Script/Engine.Actor Name:BP_Flipper_C_UAID_047C16DF8F6F466702_1376218586 Label:BP_Flipper SpatiallyLoaded:true EditorBounds:IsValid=true, Min=(X=9.847 Y=1821.520 Z=6.375), Max=(X=364.625 Y=1878.510 Z=51.545) RuntimeBounds:IsValid=true, Min=(X=9.847 Y=1821.520 Z=6.375), Max=(X=364.625 Y=1878.510 Z=51.545) RuntimeGrid:None EditorOnly:false RuntimeOnly:false HLODRelevant:false ListedInSceneOutliner:true IsMainWorldOnly:false
 |   |   |- Guid:1668BB834B4106613A9D78882FAF53C0 NativeClass:/Script/Engine.StaticMeshActor Name:StaticMeshActor_UAID_047C16DF8F6FA16702_1856735602 Label:TopWall SpatiallyLoaded:true EditorBounds:IsValid=true, Min=(X=-1490.000 Y=-2510.000 Z=10.000), Max=(X=1510.000 Y=-2410.000 Z=410.000) RuntimeBounds:IsValid=true, Min=(X=-1490.000 Y=-2510.000 Z=10.000), Max=(X=1510.000 Y=-2410.000 Z=410.000) RuntimeGrid:None EditorOnly:false RuntimeOnly:false HLODRelevant:true ListedInSceneOutliner:true IsMainWorldOnly:false
 |   |   |- Guid:4769825D4030922F19C5F9B672F04D3D NativeClass:/Script/Engine.PlayerStart Name:PlayerStart_UAID_047C16DF8F6FAF6702_1080594063 Label:PlayerStart SpatiallyLoaded:false EditorBounds:IsValid=true, Min=(X=192.000 Y=2222.154 Z=580.718), Max=(X=448.000 Y=2598.000 Z=898.000) RuntimeBounds:IsValid=true, Min=(X=280.000 Y=2389.359 Z=670.326), Max=(X=360.000 Y=2550.641 Z=869.674) RuntimeGrid:None EditorOnly:false RuntimeOnly:false HLODRelevant:false ListedInSceneOutliner:true IsMainWorldOnly:false
 |   |   |- Guid:511CC9844FBC785EB8D5A69AD5CDB1D5 NativeClass:/Script/Engine.WorldDataLayers Name:WorldDataLayers Label:WorldDataLayers SpatiallyLoaded:false EditorBounds:IsValid=false, Min=(X=0.000 Y=0.000 Z=0.000), Max=(X=0.000 Y=0.000 Z=0.000) RuntimeBounds:IsValid=false, Min=(X=0.000 Y=0.000 Z=0.000), Max=(X=0.000 Y=0.000 Z=0.000) RuntimeGrid:None EditorOnly:false RuntimeOnly:false HLODRelevant:false ListedInSceneOutliner:true IsMainWorldOnly:true
 |   |   |- Guid:5DBEB8FB4EEAEE09B21356A0C0408A44 NativeClass:/Script/Engine.StaticMeshActor Name:StaticMeshActor_UAID_047C16DF8F6FA16702_1795953600 Label:LeftWall SpatiallyLoaded:true EditorBounds:IsValid=true, Min=(X=-1590.000 Y=-2500.000 Z=10.000), Max=(X=-1490.000 Y=2500.000 Z=410.000) RuntimeBounds:IsValid=true, Min=(X=-1590.000 Y=-2500.000 Z=10.000), Max=(X=-1490.000 Y=2500.000 Z=410.000) RuntimeGrid:None EditorOnly:false RuntimeOnly:false HLODRelevant:true ListedInSceneOutliner:true IsMainWorldOnly:false
 |   |   |- Guid:60BACC1B4E7B90C10A45FBB1A24DA06D NativeClass:/Script/Engine.StaticMeshActor Name:StaticMeshActor_UAID_047C16DF8F6FA16702_1845224601 Label:RightWall SpatiallyLoaded:true EditorBounds:IsValid=true, Min=(X=1510.000 Y=-2500.000 Z=10.000), Max=(X=1610.000 Y=2500.000 Z=410.000) RuntimeBounds:IsValid=true, Min=(X=1510.000 Y=-2500.000 Z=10.000), Max=(X=1610.000 Y=2500.000 Z=410.000) RuntimeGrid:None EditorOnly:false RuntimeOnly:false HLODRelevant:true ListedInSceneOutliner:true IsMainWorldOnly:false
 |   |   |- Guid:82BA2D664350C777A89D069AFAED0B7E NativeClass:/Script/Engine.StaticMeshActor Name:StaticMeshActor_UAID_047C16DF8F6FA46702_1725975133 Label:Bumper2 SpatiallyLoaded:true EditorBounds:IsValid=true, Min=(X=-70.000 Y=-765.000 Z=10.000), Max=(X=230.000 Y=-515.000 Z=210.000) RuntimeBounds:IsValid=true, Min=(X=-70.000 Y=-765.000 Z=10.000), Max=(X=230.000 Y=-515.000 Z=210.000) RuntimeGrid:None EditorOnly:false RuntimeOnly:false HLODRelevant:true ListedInSceneOutliner:true IsMainWorldOnly:false Parent:EE93CEEA4048269E029A498F7343F5AA
 |   |   |- Guid:E00849F14F6C08B6BD81BC87AAABC109 BaseClass:/Game/Blueprints/BP_Flipper.BP_Flipper_C NativeClass:/Script/Engine.Actor Name:BP_Flipper_C_UAID_047C16DF8F6FAF6702_1678797065 Label:BP_Flipper2 SpatiallyLoaded:true EditorBounds:IsValid=true, Min=(X=-484.625 Y=1821.490 Z=6.375), Max=(X=-129.847 Y=1878.480 Z=51.545) RuntimeBounds:IsValid=true, Min=(X=-484.625 Y=1821.490 Z=6.375), Max=(X=-129.847 Y=1878.480 Z=51.545) RuntimeGrid:None EditorOnly:false RuntimeOnly:false HLODRelevant:false ListedInSceneOutliner:true IsMainWorldOnly:false
 |   |   |- Guid:EE93CEEA4048269E029A498F7343F5AA NativeClass:/Script/Engine.StaticMeshActor Name:StaticMeshActor_UAID_047C16DF8F6FA16702_1138410599 Label:Ground SpatiallyLoaded:true EditorBounds:IsValid=true, Min=(X=-1600.000 Y=-2500.000 Z=-0.000), Max=(X=1600.000 Y=2500.000 Z=0.000) RuntimeBounds:IsValid=true, Min=(X=-1600.000 Y=-2500.000 Z=-0.000), Max=(X=1600.000 Y=2500.000 Z=0.000) RuntimeGrid:None EditorOnly:false RuntimeOnly:false HLODRelevant:true ListedInSceneOutliner:true IsMainWorldOnly:false
 |   |   |- Guid:F25B3D33401E32D2BF981D8679EA7EC4 NativeClass:/Script/Engine.StaticMeshActor Name:StaticMeshActor_UAID_047C16DF8F6FA46702_1707985132 Label:Bumper1 SpatiallyLoaded:true EditorBounds:IsValid=true, Min=(X=460.000 Y=-1315.000 Z=10.000), Max=(X=760.000 Y=-1065.000 Z=210.000) RuntimeBounds:IsValid=true, Min=(X=460.000 Y=-1315.000 Z=10.000), Max=(X=760.000 Y=-1065.000 Z=210.000) RuntimeGrid:None EditorOnly:false RuntimeOnly:false HLODRelevant:true ListedInSceneOutliner:true IsMainWorldOnly:false Parent:EE93CEEA4048269E029A498F7343F5AA
 |   |   |- Guid:FBDFF0BB4D4B9F6AF1927484927CD85E NativeClass:/Script/Engine.StaticMeshActor Name:StaticMeshActor_UAID_047C16DF8F6FA26702_1918120779 Label:Bumper0 SpatiallyLoaded:true EditorBounds:IsValid=true, Min=(X=-720.000 Y=-1315.000 Z=10.000), Max=(X=-420.000 Y=-1065.000 Z=210.000) RuntimeBounds:IsValid=true, Min=(X=-720.000 Y=-1315.000 Z=10.000), Max=(X=-420.000 Y=-1065.000 Z=210.000) RuntimeGrid:None EditorOnly:false RuntimeOnly:false HLODRelevant:true ListedInSceneOutliner:true IsMainWorldOnly:false Parent:EE93CEEA4048269E029A498F7343F5AA
 |   |- [+] Clusters:
 |   |   |- [+] [  0]
 |   |   |   |- Guid:005862034BC63DA945832E81C78BF366 BaseClass:/Game/Blueprints/BP_PinballBall.BP_PinballBall_C NativeClass:/Script/Engine.Actor Name:BP_PinballBall_C_UAID_047C16DF8F6F466702_1374123585 Label:BP_PinballBall SpatiallyLoaded:true EditorBounds:IsValid=true, Min=(X=1220.000 Y=1930.000 Z=0.000), Max=(X=1320.000 Y=2030.000 Z=100.000) RuntimeBounds:IsValid=true, Min=(X=1220.000 Y=1930.000 Z=0.000), Max=(X=1320.000 Y=2030.000 Z=100.000) RuntimeGrid:None EditorOnly:false RuntimeOnly:false HLODRelevant:false ListedInSceneOutliner:true IsMainWorldOnly:false
 |   |   |- [+] [  1]
 |   |   |   |- Guid:0218C43F431450E2CFD737ABC9CFDB33 BaseClass:/Game/Blueprints/BP_Flipper.BP_Flipper_C NativeClass:/Script/Engine.Actor Name:BP_Flipper_C_UAID_047C16DF8F6F466702_1376218586 Label:BP_Flipper SpatiallyLoaded:true EditorBounds:IsValid=true, Min=(X=9.847 Y=1821.520 Z=6.375), Max=(X=364.625 Y=1878.510 Z=51.545) RuntimeBounds:IsValid=true, Min=(X=9.847 Y=1821.520 Z=6.375), Max=(X=364.625 Y=1878.510 Z=51.545) RuntimeGrid:None EditorOnly:false RuntimeOnly:false HLODRelevant:false ListedInSceneOutliner:true IsMainWorldOnly:false
 |   |   |- [+] [  2]
 |   |   |   |- Guid:1668BB834B4106613A9D78882FAF53C0 NativeClass:/Script/Engine.StaticMeshActor Name:StaticMeshActor_UAID_047C16DF8F6FA16702_1856735602 Label:TopWall SpatiallyLoaded:true EditorBounds:IsValid=true, Min=(X=-1490.000 Y=-2510.000 Z=10.000), Max=(X=1510.000 Y=-2410.000 Z=410.000) RuntimeBounds:IsValid=true, Min=(X=-1490.000 Y=-2510.000 Z=10.000), Max=(X=1510.000 Y=-2410.000 Z=410.000) RuntimeGrid:None EditorOnly:false RuntimeOnly:false HLODRelevant:true ListedInSceneOutliner:true IsMainWorldOnly:false
 |   |   |- [+] [  3]
 |   |   |   |- Guid:4769825D4030922F19C5F9B672F04D3D NativeClass:/Script/Engine.PlayerStart Name:PlayerStart_UAID_047C16DF8F6FAF6702_1080594063 Label:PlayerStart SpatiallyLoaded:false EditorBounds:IsValid=true, Min=(X=192.000 Y=2222.154 Z=580.718), Max=(X=448.000 Y=2598.000 Z=898.000) RuntimeBounds:IsValid=true, Min=(X=280.000 Y=2389.359 Z=670.326), Max=(X=360.000 Y=2550.641 Z=869.674) RuntimeGrid:None EditorOnly:false RuntimeOnly:false HLODRelevant:false ListedInSceneOutliner:true IsMainWorldOnly:false
 |   |   |- [+] [  4]
 |   |   |   |- Guid:511CC9844FBC785EB8D5A69AD5CDB1D5 NativeClass:/Script/Engine.WorldDataLayers Name:WorldDataLayers Label:WorldDataLayers SpatiallyLoaded:false EditorBounds:IsValid=false, Min=(X=0.000 Y=0.000 Z=0.000), Max=(X=0.000 Y=0.000 Z=0.000) RuntimeBounds:IsValid=false, Min=(X=0.000 Y=0.000 Z=0.000), Max=(X=0.000 Y=0.000 Z=0.000) RuntimeGrid:None EditorOnly:false RuntimeOnly:false HLODRelevant:false ListedInSceneOutliner:true IsMainWorldOnly:true
 |   |   |- [+] [  5]
 |   |   |   |- Guid:5DBEB8FB4EEAEE09B21356A0C0408A44 NativeClass:/Script/Engine.StaticMeshActor Name:StaticMeshActor_UAID_047C16DF8F6FA16702_1795953600 Label:LeftWall SpatiallyLoaded:true EditorBounds:IsValid=true, Min=(X=-1590.000 Y=-2500.000 Z=10.000), Max=(X=-1490.000 Y=2500.000 Z=410.000) RuntimeBounds:IsValid=true, Min=(X=-1590.000 Y=-2500.000 Z=10.000), Max=(X=-1490.000 Y=2500.000 Z=410.000) RuntimeGrid:None EditorOnly:false RuntimeOnly:false HLODRelevant:true ListedInSceneOutliner:true IsMainWorldOnly:false
 |   |   |- [+] [  6]
 |   |   |   |- Guid:60BACC1B4E7B90C10A45FBB1A24DA06D NativeClass:/Script/Engine.StaticMeshActor Name:StaticMeshActor_UAID_047C16DF8F6FA16702_1845224601 Label:RightWall SpatiallyLoaded:true EditorBounds:IsValid=true, Min=(X=1510.000 Y=-2500.000 Z=10.000), Max=(X=1610.000 Y=2500.000 Z=410.000) RuntimeBounds:IsValid=true, Min=(X=1510.000 Y=-2500.000 Z=10.000), Max=(X=1610.000 Y=2500.000 Z=410.000) RuntimeGrid:None EditorOnly:false RuntimeOnly:false HLODRelevant:true ListedInSceneOutliner:true IsMainWorldOnly:false
 |   |   |- [+] [  7]
 |   |   |   |- Guid:82BA2D664350C777A89D069AFAED0B7E NativeClass:/Script/Engine.StaticMeshActor Name:StaticMeshActor_UAID_047C16DF8F6FA46702_1725975133 Label:Bumper2 SpatiallyLoaded:true EditorBounds:IsValid=true, Min=(X=-70.000 Y=-765.000 Z=10.000), Max=(X=230.000 Y=-515.000 Z=210.000) RuntimeBounds:IsValid=true, Min=(X=-70.000 Y=-765.000 Z=10.000), Max=(X=230.000 Y=-515.000 Z=210.000) RuntimeGrid:None EditorOnly:false RuntimeOnly:false HLODRelevant:true ListedInSceneOutliner:true IsMainWorldOnly:false Parent:EE93CEEA4048269E029A498F7343F5AA
 |   |   |   |- Guid:EE93CEEA4048269E029A498F7343F5AA NativeClass:/Script/Engine.StaticMeshActor Name:StaticMeshActor_UAID_047C16DF8F6FA16702_1138410599 Label:Ground SpatiallyLoaded:true EditorBounds:IsValid=true, Min=(X=-1600.000 Y=-2500.000 Z=-0.000), Max=(X=1600.000 Y=2500.000 Z=0.000) RuntimeBounds:IsValid=true, Min=(X=-1600.000 Y=-2500.000 Z=-0.000), Max=(X=1600.000 Y=2500.000 Z=0.000) RuntimeGrid:None EditorOnly:false RuntimeOnly:false HLODRelevant:true ListedInSceneOutliner:true IsMainWorldOnly:false
 |   |   |   |- Guid:F25B3D33401E32D2BF981D8679EA7EC4 NativeClass:/Script/Engine.StaticMeshActor Name:StaticMeshActor_UAID_047C16DF8F6FA46702_1707985132 Label:Bumper1 SpatiallyLoaded:true EditorBounds:IsValid=true, Min=(X=460.000 Y=-1315.000 Z=10.000), Max=(X=760.000 Y=-1065.000 Z=210.000) RuntimeBounds:IsValid=true, Min=(X=460.000 Y=-1315.000 Z=10.000), Max=(X=760.000 Y=-1065.000 Z=210.000) RuntimeGrid:None EditorOnly:false RuntimeOnly:false HLODRelevant:true ListedInSceneOutliner:true IsMainWorldOnly:false Parent:EE93CEEA4048269E029A498F7343F5AA
 |   |   |   |- Guid:FBDFF0BB4D4B9F6AF1927484927CD85E NativeClass:/Script/Engine.StaticMeshActor Name:StaticMeshActor_UAID_047C16DF8F6FA26702_1918120779 Label:Bumper0 SpatiallyLoaded:true EditorBounds:IsValid=true, Min=(X=-720.000 Y=-1315.000 Z=10.000), Max=(X=-420.000 Y=-1065.000 Z=210.000) RuntimeBounds:IsValid=true, Min=(X=-720.000 Y=-1315.000 Z=10.000), Max=(X=-420.000 Y=-1065.000 Z=210.000) RuntimeGrid:None EditorOnly:false RuntimeOnly:false HLODRelevant:true ListedInSceneOutliner:true IsMainWorldOnly:false Parent:EE93CEEA4048269E029A498F7343F5AA
 |   |   |- [+] [  8]
 |   |   |   |- Guid:E00849F14F6C08B6BD81BC87AAABC109 BaseClass:/Game/Blueprints/BP_Flipper.BP_Flipper_C NativeClass:/Script/Engine.Actor Name:BP_Flipper_C_UAID_047C16DF8F6FAF6702_1678797065 Label:BP_Flipper2 SpatiallyLoaded:true EditorBounds:IsValid=true, Min=(X=-484.625 Y=1821.490 Z=6.375), Max=(X=-129.847 Y=1878.480 Z=51.545) RuntimeBounds:IsValid=true, Min=(X=-484.625 Y=1821.490 Z=6.375), Max=(X=-129.847 Y=1878.480 Z=51.545) RuntimeGrid:None EditorOnly:false RuntimeOnly:false HLODRelevant:false ListedInSceneOutliner:true IsMainWorldOnly:false
 |- ContainerInstances:
 |- [+] MainContainer:
 |   |-        ID: 00000000000000000000000000000000
 |   |-  ParentID: 00000000000000000000000000000000
 |   |-    Bounds: IsValid=true, Min=(X=-1600.000 Y=-2510.000 Z=-0.000), Max=(X=1610.000 Y=2500.000 Z=410.000)
 |   |- Transform: 0.000000,0.000000,0.000000|0.000000,0.000000,-0.000000|1.000000,1.000000,1.000000
 |   |- Container: /Game/GamePlay
----------------------------------------------------------------------------------------------------------------
GamePlay - Persistent Level
----------------------------------------------------------------------------------------------------------------
[+] Content of GamePlay Persistent Level
 |- Always loaded Actor Count: 2 
 |- Actor Path: /Game/GamePlay.GamePlay:PersistentLevel.PlayerStart_UAID_047C16DF8F6FAF6702_1080594063
 |- Actor Package: /Game/__ExternalActors__/GamePlay/2/K9/X5MQOVSI8XGIZZO3IQS9IB
 |- Actor Path: /Game/GamePlay.GamePlay:PersistentLevel.WorldDataLayers
 |- Actor Package: /Game/__ExternalActors__/GamePlay/E/3F/HRQ3YIED8ZYVXG8Q0THF54

----------------------------------------------------------------------------------------------------------------
GamePlay - Runtime Hash Set
----------------------------------------------------------------------------------------------------------------
[+] Content of Cell GamePlay_MainGrid_L0_X0_Y0_Z0 (2I5CQ2PNYQ2OUYKBS2BD36G6I)
 |- Actor Count: 7
 |- Content Bounds: IsValid=true, Min=(X=0.000 Y=0.000 Z=0.000), Max=(X=1610.000 Y=2500.000 Z=410.000)
 |- Cell Bounds: IsValid=true, Min=(X=0.000 Y=0.000 Z=0.000), Max=(X=25200.000 Y=25200.000 Z=25200.000)
 |- Is 2D: False
 |- [+] /Game/GamePlay.GamePlay:PersistentLevel.BP_PinballBall_C_UAID_047C16DF8F6F466702_1374123585
 |   |-         Package: /Game/__ExternalActors__/GamePlay/F/2H/X4PFSQDPRGHUC1P43JXPA4
 |   |-     Editor Only: 0
 |   |-   Instance Guid: 005862034BC63DA945832E81C78BF366
 |   |- [+] Container:
 |   |   |-        ID: 00000000000000000000000000000000
 |   |   |- Transform: 0.000000,0.000000,0.000000|0.000000,0.000000,-0.000000|1.000000,1.000000,1.000000
 |- [+] /Game/GamePlay.GamePlay:PersistentLevel.BP_Flipper_C_UAID_047C16DF8F6F466702_1376218586
 |   |-         Package: /Game/__ExternalActors__/GamePlay/3/GP/LRPV1YOUF7KBWFFOKFVIZB
 |   |-     Editor Only: 0
 |   |-   Instance Guid: 0218C43F431450E2CFD737ABC9CFDB33
 |   |- [+] Container:
 |   |   |-        ID: 00000000000000000000000000000000
 |   |   |- Transform: 0.000000,0.000000,0.000000|0.000000,0.000000,-0.000000|1.000000,1.000000,1.000000
 |- [+] /Game/GamePlay.GamePlay:PersistentLevel.StaticMeshActor_UAID_047C16DF8F6FA16702_1845224601
 |   |-         Package: /Game/__ExternalActors__/GamePlay/9/5W/AAT0QDJT3290NGLO456JRG
 |   |-     Editor Only: 0
 |   |-   Instance Guid: 60BACC1B4E7B90C10A45FBB1A24DA06D
 |   |- [+] Container:
 |   |   |-        ID: 00000000000000000000000000000000
 |   |   |- Transform: 0.000000,0.000000,0.000000|0.000000,0.000000,-0.000000|1.000000,1.000000,1.000000
 |- [+] /Game/GamePlay.GamePlay:PersistentLevel.StaticMeshActor_UAID_047C16DF8F6FA46702_1725975133
 |   |-         Package: /Game/__ExternalActors__/GamePlay/9/GE/RUNTFO493QPCW3FQBEGJRY
 |   |-     Editor Only: 0
 |   |-   Instance Guid: 82BA2D664350C777A89D069AFAED0B7E
 |   |- [+] Container:
 |   |   |-        ID: 00000000000000000000000000000000
 |   |   |- Transform: 0.000000,0.000000,0.000000|0.000000,0.000000,-0.000000|1.000000,1.000000,1.000000
 |- [+] /Game/GamePlay.GamePlay:PersistentLevel.StaticMeshActor_UAID_047C16DF8F6FA16702_1138410599
 |   |-         Package: /Game/__ExternalActors__/GamePlay/8/AR/HVU2MSARNAVCN8Z7QXU2AZ
 |   |-     Editor Only: 0
 |   |-   Instance Guid: EE93CEEA4048269E029A498F7343F5AA
 |   |- [+] Container:
 |   |   |-        ID: 00000000000000000000000000000000
 |   |   |- Transform: 0.000000,0.000000,0.000000|0.000000,0.000000,-0.000000|1.000000,1.000000,1.000000
 |- [+] /Game/GamePlay.GamePlay:PersistentLevel.StaticMeshActor_UAID_047C16DF8F6FA46702_1707985132
 |   |-         Package: /Game/__ExternalActors__/GamePlay/D/5N/UX4LMSM74Q4V46ELX3WGWH
 |   |-     Editor Only: 0
 |   |-   Instance Guid: F25B3D33401E32D2BF981D8679EA7EC4
 |   |- [+] Container:
 |   |   |-        ID: 00000000000000000000000000000000
 |   |   |- Transform: 0.000000,0.000000,0.000000|0.000000,0.000000,-0.000000|1.000000,1.000000,1.000000
 |- [+] /Game/GamePlay.GamePlay:PersistentLevel.StaticMeshActor_UAID_047C16DF8F6FA26702_1918120779
 |   |-         Package: /Game/__ExternalActors__/GamePlay/C/PQ/XDWTQ8JBCEKD1GK0CD0OCM
 |   |-     Editor Only: 0
 |   |-   Instance Guid: FBDFF0BB4D4B9F6AF1927484927CD85E
 |   |- [+] Container:
 |   |   |-        ID: 00000000000000000000000000000000
 |   |   |- Transform: 0.000000,0.000000,0.000000|0.000000,0.000000,-0.000000|1.000000,1.000000,1.000000
[+] Content of Cell GamePlay_MainGrid_L0_X-1_Y0_Z0 (6VUB0F7ZO79L26ZVBM0FNRH32)
 |- Actor Count: 2
 |- Content Bounds: IsValid=true, Min=(X=-1590.000 Y=0.000 Z=6.375), Max=(X=-129.847 Y=2500.000 Z=410.000)
 |- Cell Bounds: IsValid=true, Min=(X=-25200.000 Y=0.000 Z=0.000), Max=(X=0.000 Y=25200.000 Z=25200.000)
 |- Is 2D: False
 |- [+] /Game/GamePlay.GamePlay:PersistentLevel.StaticMeshActor_UAID_047C16DF8F6FA16702_1795953600
 |   |-         Package: /Game/__ExternalActors__/GamePlay/0/P5/AFH40T1JPL3HNV8HWT57DL
 |   |-     Editor Only: 0
 |   |-   Instance Guid: 5DBEB8FB4EEAEE09B21356A0C0408A44
 |   |- [+] Container:
 |   |   |-        ID: 00000000000000000000000000000000
 |   |   |- Transform: 0.000000,0.000000,0.000000|0.000000,0.000000,-0.000000|1.000000,1.000000,1.000000
 |- [+] /Game/GamePlay.GamePlay:PersistentLevel.BP_Flipper_C_UAID_047C16DF8F6FAF6702_1678797065
 |   |-         Package: /Game/__ExternalActors__/GamePlay/B/84/GGOKA0KPC4SJS0SBJZFH7M
 |   |-     Editor Only: 0
 |   |-   Instance Guid: E00849F14F6C08B6BD81BC87AAABC109
 |   |- [+] Container:
 |   |   |-        ID: 00000000000000000000000000000000
 |   |   |- Transform: 0.000000,0.000000,0.000000|0.000000,0.000000,-0.000000|1.000000,1.000000,1.000000
[+] Content of Cell GamePlay_MainGrid_L0_X0_Y-1_Z0 (A1KJ1938B7F7JM5B754ZQKZ1Y)
 |- Actor Count: 1
 |- Content Bounds: IsValid=true, Min=(X=0.000 Y=-2510.000 Z=10.000), Max=(X=1510.000 Y=-2410.000 Z=410.000)
 |- Cell Bounds: IsValid=true, Min=(X=0.000 Y=-25200.000 Z=0.000), Max=(X=25200.000 Y=0.000 Z=25200.000)
 |- Is 2D: False
 |- [+] /Game/GamePlay.GamePlay:PersistentLevel.StaticMeshActor_UAID_047C16DF8F6FA16702_1856735602
 |   |-         Package: /Game/__ExternalActors__/GamePlay/7/ZY/Z2GI0JOAM81QYNFGX0L47P
 |   |-     Editor Only: 0
 |   |-   Instance Guid: 1668BB834B4106613A9D78882FAF53C0
 |   |- [+] Container:
 |   |   |-        ID: 00000000000000000000000000000000
 |   |   |- Transform: 0.000000,0.000000,0.000000|0.000000,0.000000,-0.000000|1.000000,1.000000,1.000000

